{"contracts/CarbonPathAdmin.sol":{"l":{"42":108,"43":107,"44":106,"46":105,"47":105,"48":105,"50":105,"51":105,"52":105,"56":12,"60":12,"64":2,"71":13,"72":11,"82":3,"83":2,"93":2,"94":1,"104":17,"105":16,"106":15,"116":17,"117":16,"118":15,"128":17,"129":16,"130":15,"140":22,"141":21,"142":20,"144":20,"145":2,"148":20,"170":17,"171":16,"172":15,"173":14,"175":13,"177":12,"178":12,"181":12,"184":12,"185":12,"188":12,"189":12,"199":3,"204":2,"214":3,"219":2,"227":4,"228":3,"234":2,"237":2,"251":8,"252":7,"257":6,"267":3,"268":2,"273":1,"282":4,"283":3,"288":2,"289":2,"294":1,"295":1},"path":"/home/miurelle/carbonpath-smart-contract/contracts/CarbonPathAdmin.sol","s":{"1":108,"2":107,"3":106,"4":105,"5":105,"6":12,"7":12,"8":2,"9":13,"10":3,"11":2,"12":2,"13":1,"14":17,"15":16,"16":17,"17":16,"18":17,"19":16,"20":22,"21":21,"22":20,"23":20,"24":2,"25":17,"26":16,"27":15,"28":14,"29":13,"30":12,"31":12,"32":12,"33":12,"34":12,"35":12,"36":12,"37":3,"38":2,"39":3,"40":2,"41":4,"42":3,"43":2,"44":2,"45":8,"46":7,"47":6,"48":3,"49":2,"50":1,"51":4,"52":3,"53":2,"54":2,"55":1,"56":1},"b":{"1":[107,1],"2":[106,1],"3":[105,1],"4":[11,2],"5":[2,1],"6":[1,1],"7":[16,1],"8":[15,1],"9":[16,1],"10":[15,1],"11":[16,1],"12":[15,1],"13":[22,0],"14":[21,1],"15":[20,1],"16":[2,18],"17":[17,0],"18":[16,1],"19":[15,1],"20":[14,1],"21":[13,1],"22":[2,1],"23":[2,1],"24":[4,0],"25":[3,1],"26":[2,1],"27":[8,1],"28":[8,0],"29":[7,1],"30":[6,1],"31":[3,1],"32":[3,0],"33":[2,1],"34":[1,1],"35":[4,0],"36":[3,1],"37":[2,1],"38":[1,1]},"f":{"1":108,"2":12,"3":12,"4":2,"5":13,"6":3,"7":2,"8":17,"9":17,"10":17,"11":22,"12":17,"13":3,"14":3,"15":4,"16":8,"17":3,"18":4},"fnMap":{"1":{"name":"constructor","line":37,"loc":{"start":{"line":37,"column":2},"end":{"line":53,"column":2}}},"2":{"name":"_calculateCPFee","line":55,"loc":{"start":{"line":55,"column":2},"end":{"line":57,"column":2}}},"3":{"name":"_calculateNonProfitFee","line":59,"loc":{"start":{"line":59,"column":2},"end":{"line":61,"column":2}}},"4":{"name":"_calculateStableTokenAmount","line":63,"loc":{"start":{"line":63,"column":2},"end":{"line":65,"column":2}}},"5":{"name":"onlySeller","line":70,"loc":{"start":{"line":70,"column":2},"end":{"line":73,"column":2}}},"6":{"name":"grantMinter","line":81,"loc":{"start":{"line":81,"column":2},"end":{"line":84,"column":2}}},"7":{"name":"revokeMinter","line":92,"loc":{"start":{"line":92,"column":2},"end":{"line":95,"column":2}}},"8":{"name":"setCpFeeAddress","line":103,"loc":{"start":{"line":103,"column":2},"end":{"line":107,"column":2}}},"9":{"name":"setNonProfitAddress","line":115,"loc":{"start":{"line":115,"column":2},"end":{"line":119,"column":2}}},"10":{"name":"setBufferPoolAddress","line":127,"loc":{"start":{"line":127,"column":2},"end":{"line":131,"column":2}}},"11":{"name":"setSellerAddress","line":139,"loc":{"start":{"line":139,"column":2},"end":{"line":149,"column":2}}},"12":{"name":"mint","line":169,"loc":{"start":{"line":160,"column":2},"end":{"line":190,"column":2}}},"13":{"name":"updateTokenURI","line":198,"loc":{"start":{"line":198,"column":2},"end":{"line":205,"column":2}}},"14":{"name":"updateMetadata","line":213,"loc":{"start":{"line":213,"column":2},"end":{"line":220,"column":2}}},"15":{"name":"retire","line":226,"loc":{"start":{"line":226,"column":2},"end":{"line":238,"column":2}}},"16":{"name":"sell","line":250,"loc":{"start":{"line":250,"column":2},"end":{"line":258,"column":2}}},"17":{"name":"withdraw","line":266,"loc":{"start":{"line":266,"column":2},"end":{"line":274,"column":2}}},"18":{"name":"buy","line":281,"loc":{"start":{"line":281,"column":2},"end":{"line":296,"column":2}}}},"statementMap":{"1":{"start":{"line":42,"column":4},"end":{"line":42,"column":86}},"2":{"start":{"line":43,"column":4},"end":{"line":43,"column":90}},"3":{"start":{"line":44,"column":4},"end":{"line":44,"column":95}},"4":{"start":{"line":50,"column":4},"end":{"line":50,"column":47}},"5":{"start":{"line":51,"column":4},"end":{"line":51,"column":40}},"6":{"start":{"line":56,"column":4},"end":{"line":56,"column":55}},"7":{"start":{"line":60,"column":4},"end":{"line":60,"column":61}},"8":{"start":{"line":64,"column":4},"end":{"line":64,"column":35}},"9":{"start":{"line":71,"column":4},"end":{"line":71,"column":86}},"10":{"start":{"line":82,"column":4},"end":{"line":82,"column":90}},"11":{"start":{"line":83,"column":4},"end":{"line":83,"column":36}},"12":{"start":{"line":93,"column":4},"end":{"line":93,"column":90}},"13":{"start":{"line":94,"column":4},"end":{"line":94,"column":37}},"14":{"start":{"line":104,"column":4},"end":{"line":104,"column":94}},"15":{"start":{"line":105,"column":4},"end":{"line":105,"column":67}},"16":{"start":{"line":116,"column":4},"end":{"line":116,"column":94}},"17":{"start":{"line":117,"column":4},"end":{"line":117,"column":67}},"18":{"start":{"line":128,"column":4},"end":{"line":128,"column":94}},"19":{"start":{"line":129,"column":4},"end":{"line":129,"column":67}},"20":{"start":{"line":140,"column":4},"end":{"line":140,"column":94}},"21":{"start":{"line":141,"column":4},"end":{"line":141,"column":67}},"22":{"start":{"line":142,"column":4},"end":{"line":142,"column":62}},"23":{"start":{"line":144,"column":4},"end":{"line":144,"column":4953}},"24":{"start":{"line":145,"column":6},"end":{"line":145,"column":57}},"25":{"start":{"line":170,"column":4},"end":{"line":170,"column":96}},"26":{"start":{"line":171,"column":4},"end":{"line":171,"column":78}},"27":{"start":{"line":172,"column":4},"end":{"line":172,"column":87}},"28":{"start":{"line":173,"column":4},"end":{"line":173,"column":98}},"29":{"start":{"line":175,"column":4},"end":{"line":175,"column":83}},"30":{"start":{"line":177,"column":4},"end":{"line":177,"column":67}},"31":{"start":{"line":178,"column":4},"end":{"line":178,"column":63}},"32":{"start":{"line":181,"column":4},"end":{"line":181,"column":68}},"33":{"start":{"line":184,"column":4},"end":{"line":184,"column":52}},"34":{"start":{"line":185,"column":4},"end":{"line":185,"column":71}},"35":{"start":{"line":188,"column":4},"end":{"line":188,"column":63}},"36":{"start":{"line":189,"column":4},"end":{"line":189,"column":79}},"37":{"start":{"line":199,"column":4},"end":{"line":199,"column":6845}},"38":{"start":{"line":204,"column":4},"end":{"line":204,"column":47}},"39":{"start":{"line":214,"column":4},"end":{"line":214,"column":7242}},"40":{"start":{"line":219,"column":4},"end":{"line":219,"column":47}},"41":{"start":{"line":227,"column":4},"end":{"line":227,"column":76}},"42":{"start":{"line":228,"column":4},"end":{"line":228,"column":7647}},"43":{"start":{"line":234,"column":4},"end":{"line":234,"column":51}},"44":{"start":{"line":237,"column":4},"end":{"line":237,"column":49}},"45":{"start":{"line":251,"column":4},"end":{"line":251,"column":73}},"46":{"start":{"line":252,"column":4},"end":{"line":252,"column":8357}},"47":{"start":{"line":257,"column":4},"end":{"line":257,"column":72}},"48":{"start":{"line":267,"column":4},"end":{"line":267,"column":77}},"49":{"start":{"line":268,"column":4},"end":{"line":268,"column":8865}},"50":{"start":{"line":273,"column":4},"end":{"line":273,"column":53}},"51":{"start":{"line":282,"column":4},"end":{"line":282,"column":74}},"52":{"start":{"line":283,"column":4},"end":{"line":283,"column":9311}},"53":{"start":{"line":288,"column":4},"end":{"line":288,"column":66}},"54":{"start":{"line":289,"column":4},"end":{"line":289,"column":9504}},"55":{"start":{"line":294,"column":4},"end":{"line":294,"column":76}},"56":{"start":{"line":295,"column":4},"end":{"line":295,"column":55}}},"branchMap":{"1":{"line":42,"type":"if","locations":[{"start":{"line":42,"column":4},"end":{"line":42,"column":4}},{"start":{"line":42,"column":4},"end":{"line":42,"column":4}}]},"2":{"line":43,"type":"if","locations":[{"start":{"line":43,"column":4},"end":{"line":43,"column":4}},{"start":{"line":43,"column":4},"end":{"line":43,"column":4}}]},"3":{"line":44,"type":"if","locations":[{"start":{"line":44,"column":4},"end":{"line":44,"column":4}},{"start":{"line":44,"column":4},"end":{"line":44,"column":4}}]},"4":{"line":71,"type":"if","locations":[{"start":{"line":71,"column":4},"end":{"line":71,"column":4}},{"start":{"line":71,"column":4},"end":{"line":71,"column":4}}]},"5":{"line":82,"type":"if","locations":[{"start":{"line":82,"column":4},"end":{"line":82,"column":4}},{"start":{"line":82,"column":4},"end":{"line":82,"column":4}}]},"6":{"line":93,"type":"if","locations":[{"start":{"line":93,"column":4},"end":{"line":93,"column":4}},{"start":{"line":93,"column":4},"end":{"line":93,"column":4}}]},"7":{"line":104,"type":"if","locations":[{"start":{"line":104,"column":4},"end":{"line":104,"column":4}},{"start":{"line":104,"column":4},"end":{"line":104,"column":4}}]},"8":{"line":105,"type":"if","locations":[{"start":{"line":105,"column":4},"end":{"line":105,"column":4}},{"start":{"line":105,"column":4},"end":{"line":105,"column":4}}]},"9":{"line":116,"type":"if","locations":[{"start":{"line":116,"column":4},"end":{"line":116,"column":4}},{"start":{"line":116,"column":4},"end":{"line":116,"column":4}}]},"10":{"line":117,"type":"if","locations":[{"start":{"line":117,"column":4},"end":{"line":117,"column":4}},{"start":{"line":117,"column":4},"end":{"line":117,"column":4}}]},"11":{"line":128,"type":"if","locations":[{"start":{"line":128,"column":4},"end":{"line":128,"column":4}},{"start":{"line":128,"column":4},"end":{"line":128,"column":4}}]},"12":{"line":129,"type":"if","locations":[{"start":{"line":129,"column":4},"end":{"line":129,"column":4}},{"start":{"line":129,"column":4},"end":{"line":129,"column":4}}]},"13":{"line":139,"type":"if","locations":[{"start":{"line":139,"column":53},"end":{"line":139,"column":53}},{"start":{"line":139,"column":53},"end":{"line":139,"column":53}}]},"14":{"line":140,"type":"if","locations":[{"start":{"line":140,"column":4},"end":{"line":140,"column":4}},{"start":{"line":140,"column":4},"end":{"line":140,"column":4}}]},"15":{"line":141,"type":"if","locations":[{"start":{"line":141,"column":4},"end":{"line":141,"column":4}},{"start":{"line":141,"column":4},"end":{"line":141,"column":4}}]},"16":{"line":144,"type":"if","locations":[{"start":{"line":144,"column":4},"end":{"line":144,"column":4}},{"start":{"line":144,"column":4},"end":{"line":144,"column":4}}]},"17":{"line":169,"type":"if","locations":[{"start":{"line":169,"column":19},"end":{"line":169,"column":19}},{"start":{"line":169,"column":19},"end":{"line":169,"column":19}}]},"18":{"line":170,"type":"if","locations":[{"start":{"line":170,"column":4},"end":{"line":170,"column":4}},{"start":{"line":170,"column":4},"end":{"line":170,"column":4}}]},"19":{"line":171,"type":"if","locations":[{"start":{"line":171,"column":4},"end":{"line":171,"column":4}},{"start":{"line":171,"column":4},"end":{"line":171,"column":4}}]},"20":{"line":172,"type":"if","locations":[{"start":{"line":172,"column":4},"end":{"line":172,"column":4}},{"start":{"line":172,"column":4},"end":{"line":172,"column":4}}]},"21":{"line":173,"type":"if","locations":[{"start":{"line":173,"column":4},"end":{"line":173,"column":4}},{"start":{"line":173,"column":4},"end":{"line":173,"column":4}}]},"22":{"line":199,"type":"if","locations":[{"start":{"line":199,"column":4},"end":{"line":199,"column":4}},{"start":{"line":199,"column":4},"end":{"line":199,"column":4}}]},"23":{"line":214,"type":"if","locations":[{"start":{"line":214,"column":4},"end":{"line":214,"column":4}},{"start":{"line":214,"column":4},"end":{"line":214,"column":4}}]},"24":{"line":226,"type":"if","locations":[{"start":{"line":226,"column":66},"end":{"line":226,"column":66}},{"start":{"line":226,"column":66},"end":{"line":226,"column":66}}]},"25":{"line":227,"type":"if","locations":[{"start":{"line":227,"column":4},"end":{"line":227,"column":4}},{"start":{"line":227,"column":4},"end":{"line":227,"column":4}}]},"26":{"line":228,"type":"if","locations":[{"start":{"line":228,"column":4},"end":{"line":228,"column":4}},{"start":{"line":228,"column":4},"end":{"line":228,"column":4}}]},"27":{"line":250,"type":"if","locations":[{"start":{"line":250,"column":47},"end":{"line":250,"column":47}},{"start":{"line":250,"column":47},"end":{"line":250,"column":47}}]},"28":{"line":250,"type":"if","locations":[{"start":{"line":250,"column":58},"end":{"line":250,"column":58}},{"start":{"line":250,"column":58},"end":{"line":250,"column":58}}]},"29":{"line":251,"type":"if","locations":[{"start":{"line":251,"column":4},"end":{"line":251,"column":4}},{"start":{"line":251,"column":4},"end":{"line":251,"column":4}}]},"30":{"line":252,"type":"if","locations":[{"start":{"line":252,"column":4},"end":{"line":252,"column":4}},{"start":{"line":252,"column":4},"end":{"line":252,"column":4}}]},"31":{"line":266,"type":"if","locations":[{"start":{"line":266,"column":51},"end":{"line":266,"column":51}},{"start":{"line":266,"column":51},"end":{"line":266,"column":51}}]},"32":{"line":266,"type":"if","locations":[{"start":{"line":266,"column":62},"end":{"line":266,"column":62}},{"start":{"line":266,"column":62},"end":{"line":266,"column":62}}]},"33":{"line":267,"type":"if","locations":[{"start":{"line":267,"column":4},"end":{"line":267,"column":4}},{"start":{"line":267,"column":4},"end":{"line":267,"column":4}}]},"34":{"line":268,"type":"if","locations":[{"start":{"line":268,"column":4},"end":{"line":268,"column":4}},{"start":{"line":268,"column":4},"end":{"line":268,"column":4}}]},"35":{"line":281,"type":"if","locations":[{"start":{"line":281,"column":48},"end":{"line":281,"column":48}},{"start":{"line":281,"column":48},"end":{"line":281,"column":48}}]},"36":{"line":282,"type":"if","locations":[{"start":{"line":282,"column":4},"end":{"line":282,"column":4}},{"start":{"line":282,"column":4},"end":{"line":282,"column":4}}]},"37":{"line":283,"type":"if","locations":[{"start":{"line":283,"column":4},"end":{"line":283,"column":4}},{"start":{"line":283,"column":4},"end":{"line":283,"column":4}}]},"38":{"line":289,"type":"if","locations":[{"start":{"line":289,"column":4},"end":{"line":289,"column":4}},{"start":{"line":289,"column":4},"end":{"line":289,"column":4}}]}}},"contracts/CarbonPathNFT.sol":{"l":{"34":154,"35":153,"42":30,"43":28,"53":8,"61":1,"69":1,"77":1,"85":2,"93":1,"101":2,"111":36,"113":35,"123":2,"124":1,"134":6,"135":3,"136":2,"155":23,"156":21,"157":21,"160":21,"161":21,"163":21,"164":21,"165":21,"167":21,"168":21,"169":21,"179":5,"180":5,"182":5,"187":4},"path":"/home/miurelle/carbonpath-smart-contract/contracts/CarbonPathNFT.sol","s":{"1":154,"2":30,"3":8,"4":1,"5":1,"6":1,"7":2,"8":1,"9":2,"10":36,"11":2,"12":6,"13":3,"14":2,"15":23,"16":21,"17":21,"18":21,"19":21,"20":21,"21":5,"22":5,"23":5},"b":{"1":[153,1],"2":[28,2],"3":[2,2],"4":[36,1],"5":[35,1],"6":[1,1],"7":[3,3],"8":[2,1],"9":[24,0],"10":[23,1],"11":[21,2],"12":[5,1],"13":[4,1]},"f":{"1":154,"2":30,"3":8,"4":1,"5":1,"6":1,"7":2,"8":1,"9":2,"10":36,"11":2,"12":6,"13":23,"14":5},"fnMap":{"1":{"name":"constructor","line":33,"loc":{"start":{"line":33,"column":2},"end":{"line":36,"column":2}}},"2":{"name":"onlyAdmin","line":41,"loc":{"start":{"line":41,"column":2},"end":{"line":44,"column":2}}},"3":{"name":"_isAdminOrOwner","line":52,"loc":{"start":{"line":52,"column":2},"end":{"line":54,"column":2}}},"4":{"name":"getAdminAddress","line":60,"loc":{"start":{"line":60,"column":2},"end":{"line":62,"column":2}}},"5":{"name":"getAdvancedEAVs","line":68,"loc":{"start":{"line":68,"column":2},"end":{"line":70,"column":2}}},"6":{"name":"getBufferPoolEAVs","line":76,"loc":{"start":{"line":76,"column":2},"end":{"line":78,"column":2}}},"7":{"name":"getRetiredEAVs","line":84,"loc":{"start":{"line":84,"column":2},"end":{"line":86,"column":2}}},"8":{"name":"getGeoJson","line":92,"loc":{"start":{"line":92,"column":2},"end":{"line":94,"column":2}}},"9":{"name":"getMetadata","line":100,"loc":{"start":{"line":100,"column":2},"end":{"line":102,"column":2}}},"10":{"name":"setAdminAddress","line":110,"loc":{"start":{"line":110,"column":2},"end":{"line":114,"column":2}}},"11":{"name":"setMetadata","line":122,"loc":{"start":{"line":122,"column":2},"end":{"line":125,"column":2}}},"12":{"name":"setTokenURI","line":133,"loc":{"start":{"line":133,"column":2},"end":{"line":137,"column":2}}},"13":{"name":"mint","line":154,"loc":{"start":{"line":147,"column":2},"end":{"line":170,"column":2}}},"14":{"name":"updateRetiredEAVs","line":178,"loc":{"start":{"line":178,"column":2},"end":{"line":188,"column":2}}}},"statementMap":{"1":{"start":{"line":34,"column":4},"end":{"line":34,"column":79}},"2":{"start":{"line":42,"column":4},"end":{"line":42,"column":83}},"3":{"start":{"line":53,"column":4},"end":{"line":53,"column":77}},"4":{"start":{"line":61,"column":4},"end":{"line":61,"column":24}},"5":{"start":{"line":69,"column":4},"end":{"line":69,"column":41}},"6":{"start":{"line":77,"column":4},"end":{"line":77,"column":44}},"7":{"start":{"line":85,"column":4},"end":{"line":85,"column":41}},"8":{"start":{"line":93,"column":4},"end":{"line":93,"column":27}},"9":{"start":{"line":101,"column":4},"end":{"line":101,"column":28}},"10":{"start":{"line":111,"column":4},"end":{"line":111,"column":75}},"11":{"start":{"line":123,"column":4},"end":{"line":123,"column":97}},"12":{"start":{"line":134,"column":4},"end":{"line":134,"column":97}},"13":{"start":{"line":135,"column":4},"end":{"line":135,"column":74}},"14":{"start":{"line":136,"column":4},"end":{"line":136,"column":40}},"15":{"start":{"line":155,"column":4},"end":{"line":155,"column":74}},"16":{"start":{"line":156,"column":4},"end":{"line":156,"column":47}},"17":{"start":{"line":157,"column":4},"end":{"line":157,"column":47}},"18":{"start":{"line":167,"column":4},"end":{"line":167,"column":30}},"19":{"start":{"line":168,"column":4},"end":{"line":168,"column":31}},"20":{"start":{"line":169,"column":4},"end":{"line":169,"column":40}},"21":{"start":{"line":179,"column":4},"end":{"line":179,"column":47}},"22":{"start":{"line":180,"column":4},"end":{"line":180,"column":59}},"23":{"start":{"line":182,"column":4},"end":{"line":182,"column":5286}}},"branchMap":{"1":{"line":34,"type":"if","locations":[{"start":{"line":34,"column":4},"end":{"line":34,"column":4}},{"start":{"line":34,"column":4},"end":{"line":34,"column":4}}]},"2":{"line":42,"type":"if","locations":[{"start":{"line":42,"column":4},"end":{"line":42,"column":4}},{"start":{"line":42,"column":4},"end":{"line":42,"column":4}}]},"3":{"line":53,"type":"cond-expr","locations":[{"start":{"line":53,"column":12},"end":{"line":53,"column":47}},{"start":{"line":53,"column":52},"end":{"line":53,"column":75}}]},"4":{"line":110,"type":"if","locations":[{"start":{"line":110,"column":52},"end":{"line":110,"column":52}},{"start":{"line":110,"column":52},"end":{"line":110,"column":52}}]},"5":{"line":111,"type":"if","locations":[{"start":{"line":111,"column":4},"end":{"line":111,"column":4}},{"start":{"line":111,"column":4},"end":{"line":111,"column":4}}]},"6":{"line":123,"type":"if","locations":[{"start":{"line":123,"column":4},"end":{"line":123,"column":4}},{"start":{"line":123,"column":4},"end":{"line":123,"column":4}}]},"7":{"line":134,"type":"if","locations":[{"start":{"line":134,"column":4},"end":{"line":134,"column":4}},{"start":{"line":134,"column":4},"end":{"line":134,"column":4}}]},"8":{"line":135,"type":"if","locations":[{"start":{"line":135,"column":4},"end":{"line":135,"column":4}},{"start":{"line":135,"column":4},"end":{"line":135,"column":4}}]},"9":{"line":154,"type":"if","locations":[{"start":{"line":154,"column":19},"end":{"line":154,"column":19}},{"start":{"line":154,"column":19},"end":{"line":154,"column":19}}]},"10":{"line":154,"type":"if","locations":[{"start":{"line":154,"column":32},"end":{"line":154,"column":32}},{"start":{"line":154,"column":32},"end":{"line":154,"column":32}}]},"11":{"line":155,"type":"if","locations":[{"start":{"line":155,"column":4},"end":{"line":155,"column":4}},{"start":{"line":155,"column":4},"end":{"line":155,"column":4}}]},"12":{"line":178,"type":"if","locations":[{"start":{"line":178,"column":84},"end":{"line":178,"column":84}},{"start":{"line":178,"column":84},"end":{"line":178,"column":84}}]},"13":{"line":182,"type":"if","locations":[{"start":{"line":182,"column":4},"end":{"line":182,"column":4}},{"start":{"line":182,"column":4},"end":{"line":182,"column":4}}]}}},"contracts/CarbonPathToken.sol":{"l":{"17":147,"18":147,"28":40,"29":39,"39":3,"40":2,"50":33,"51":31,"64":3,"65":2,"81":4,"82":3,"83":2},"path":"/home/miurelle/carbonpath-smart-contract/contracts/CarbonPathToken.sol","s":{"1":147,"2":147,"3":40,"4":39,"5":3,"6":2,"7":33,"8":31,"9":3,"10":2,"11":4,"12":3,"13":2},"b":{"1":[39,1],"2":[2,1],"3":[31,2],"4":[2,1],"5":[3,1]},"f":{"1":147,"2":40,"3":3,"4":33,"5":3,"6":4},"fnMap":{"1":{"name":"constructor","line":15,"loc":{"start":{"line":15,"column":2},"end":{"line":19,"column":2}}},"2":{"name":"grantMinter","line":27,"loc":{"start":{"line":27,"column":2},"end":{"line":30,"column":2}}},"3":{"name":"revokeMinter","line":38,"loc":{"start":{"line":38,"column":2},"end":{"line":41,"column":2}}},"4":{"name":"mint","line":49,"loc":{"start":{"line":49,"column":2},"end":{"line":52,"column":2}}},"5":{"name":"burn","line":63,"loc":{"start":{"line":63,"column":2},"end":{"line":66,"column":2}}},"6":{"name":"burnFrom","line":80,"loc":{"start":{"line":80,"column":2},"end":{"line":84,"column":2}}}},"statementMap":{"1":{"start":{"line":17,"column":4},"end":{"line":17,"column":47}},"2":{"start":{"line":18,"column":4},"end":{"line":18,"column":40}},"3":{"start":{"line":28,"column":4},"end":{"line":28,"column":90}},"4":{"start":{"line":29,"column":4},"end":{"line":29,"column":36}},"5":{"start":{"line":39,"column":4},"end":{"line":39,"column":90}},"6":{"start":{"line":40,"column":4},"end":{"line":40,"column":37}},"7":{"start":{"line":50,"column":4},"end":{"line":50,"column":96}},"8":{"start":{"line":51,"column":4},"end":{"line":51,"column":26}},"9":{"start":{"line":64,"column":4},"end":{"line":64,"column":96}},"10":{"start":{"line":65,"column":4},"end":{"line":65,"column":30}},"11":{"start":{"line":81,"column":4},"end":{"line":81,"column":96}},"12":{"start":{"line":82,"column":4},"end":{"line":82,"column":50}},"13":{"start":{"line":83,"column":4},"end":{"line":83,"column":26}}},"branchMap":{"1":{"line":28,"type":"if","locations":[{"start":{"line":28,"column":4},"end":{"line":28,"column":4}},{"start":{"line":28,"column":4},"end":{"line":28,"column":4}}]},"2":{"line":39,"type":"if","locations":[{"start":{"line":39,"column":4},"end":{"line":39,"column":4}},{"start":{"line":39,"column":4},"end":{"line":39,"column":4}}]},"3":{"line":50,"type":"if","locations":[{"start":{"line":50,"column":4},"end":{"line":50,"column":4}},{"start":{"line":50,"column":4},"end":{"line":50,"column":4}}]},"4":{"line":64,"type":"if","locations":[{"start":{"line":64,"column":4},"end":{"line":64,"column":4}},{"start":{"line":64,"column":4},"end":{"line":64,"column":4}}]},"5":{"line":81,"type":"if","locations":[{"start":{"line":81,"column":4},"end":{"line":81,"column":4}},{"start":{"line":81,"column":4},"end":{"line":81,"column":4}}]}}},"contracts/test/MockStableToken.sol":{"l":{"13":108},"path":"/home/miurelle/carbonpath-smart-contract/contracts/test/MockStableToken.sol","s":{"1":108},"b":{},"f":{"1":108},"fnMap":{"1":{"name":"constructor","line":11,"loc":{"start":{"line":11,"column":2},"end":{"line":14,"column":2}}}},"statementMap":{"1":{"start":{"line":13,"column":4},"end":{"line":13,"column":47}}},"branchMap":{}}}